0 info it worked if it ends with ok
1 verbose cli [ '/usr/local/bin/node',
1 verbose cli   '/usr/local/bin/npm',
1 verbose cli   'install',
1 verbose cli   'ngModal',
1 verbose cli   '--save' ]
2 info using npm@2.15.5
3 info using node@v4.4.5
4 verbose install initial load of /Users/owner/Desktop/Prime/soloProject/package.json
5 warn package.json solo_project@1.0.0 No description
6 warn package.json solo_project@1.0.0 No repository field.
7 warn package.json solo_project@1.0.0 No README data
8 verbose installManyTop reading scoped package data from /Users/owner/Desktop/Prime/soloProject/node_modules/angular/package.json
9 verbose installManyTop reading scoped package data from /Users/owner/Desktop/Prime/soloProject/node_modules/angular-route/package.json
10 verbose installManyTop reading scoped package data from /Users/owner/Desktop/Prime/soloProject/node_modules/bcrypt/package.json
11 verbose installManyTop reading scoped package data from /Users/owner/Desktop/Prime/soloProject/node_modules/body-parser/package.json
12 verbose installManyTop reading scoped package data from /Users/owner/Desktop/Prime/soloProject/node_modules/bootstrap/package.json
13 verbose installManyTop reading scoped package data from /Users/owner/Desktop/Prime/soloProject/node_modules/express/package.json
14 verbose installManyTop reading scoped package data from /Users/owner/Desktop/Prime/soloProject/node_modules/express-session/package.json
15 verbose installManyTop reading scoped package data from /Users/owner/Desktop/Prime/soloProject/node_modules/mongoose/package.json
16 verbose installManyTop reading scoped package data from /Users/owner/Desktop/Prime/soloProject/node_modules/passport/package.json
17 verbose installManyTop reading scoped package data from /Users/owner/Desktop/Prime/soloProject/node_modules/passport-local/package.json
18 info package.json passport-local@1.0.0 No license field.
19 verbose readDependencies loading dependencies from /Users/owner/Desktop/Prime/soloProject/package.json
20 silly cache add args [ 'ngModal', null ]
21 verbose cache add spec ngModal
22 silly cache add parsed spec Result {
22 silly cache add   raw: 'ngModal',
22 silly cache add   scope: null,
22 silly cache add   name: 'ngModal',
22 silly cache add   rawSpec: '',
22 silly cache add   spec: 'latest',
22 silly cache add   type: 'tag' }
23 silly addNamed ngModal@latest
24 verbose addNamed "latest" is being treated as a dist-tag for ngModal
25 info addNameTag [ 'ngModal', 'latest' ]
26 silly mapToRegistry name ngModal
27 silly mapToRegistry using default registry
28 silly mapToRegistry registry https://registry.npmjs.org/
29 silly mapToRegistry data Result {
29 silly mapToRegistry   raw: 'ngModal',
29 silly mapToRegistry   scope: null,
29 silly mapToRegistry   name: 'ngModal',
29 silly mapToRegistry   rawSpec: '',
29 silly mapToRegistry   spec: 'latest',
29 silly mapToRegistry   type: 'tag' }
30 silly mapToRegistry uri https://registry.npmjs.org/ngModal
31 verbose addNameTag registry:https://registry.npmjs.org/ngModal not in flight; fetching
32 verbose request uri https://registry.npmjs.org/ngModal
33 verbose request no auth needed
34 info attempt registry request try #1 at 9:45:34 AM
35 verbose request id 8d2559bb9bc3a0b0
36 http request GET https://registry.npmjs.org/ngModal
37 http 404 https://registry.npmjs.org/ngModal
38 verbose headers { 'content-type': 'application/json',
38 verbose headers   'cache-control': 'max-age=0',
38 verbose headers   'content-length': '2',
38 verbose headers   'accept-ranges': 'bytes',
38 verbose headers   date: 'Thu, 14 Jul 2016 14:45:32 GMT',
38 verbose headers   via: '1.1 varnish',
38 verbose headers   age: '0',
38 verbose headers   connection: 'keep-alive',
38 verbose headers   'x-served-by': 'cache-ord1726-ORD',
38 verbose headers   'x-cache': 'MISS',
38 verbose headers   'x-cache-hits': '0',
38 verbose headers   'x-timer': 'S1468507531.964426,VS0,VE96',
38 verbose headers   vary: 'Accept-Encoding' }
39 silly get cb [ 404,
39 silly get   { 'content-type': 'application/json',
39 silly get     'cache-control': 'max-age=0',
39 silly get     'content-length': '2',
39 silly get     'accept-ranges': 'bytes',
39 silly get     date: 'Thu, 14 Jul 2016 14:45:32 GMT',
39 silly get     via: '1.1 varnish',
39 silly get     age: '0',
39 silly get     connection: 'keep-alive',
39 silly get     'x-served-by': 'cache-ord1726-ORD',
39 silly get     'x-cache': 'MISS',
39 silly get     'x-cache-hits': '0',
39 silly get     'x-timer': 'S1468507531.964426,VS0,VE96',
39 silly get     vary: 'Accept-Encoding' } ]
40 verbose stack Error: Registry returned 404 for GET on https://registry.npmjs.org/ngModal
40 verbose stack     at makeError (/usr/local/lib/node_modules/npm/node_modules/npm-registry-client/lib/request.js:264:12)
40 verbose stack     at CachingRegistryClient.<anonymous> (/usr/local/lib/node_modules/npm/node_modules/npm-registry-client/lib/request.js:242:14)
40 verbose stack     at Request._callback (/usr/local/lib/node_modules/npm/node_modules/npm-registry-client/lib/request.js:172:14)
40 verbose stack     at Request.self.callback (/usr/local/lib/node_modules/npm/node_modules/request/request.js:200:22)
40 verbose stack     at emitTwo (events.js:87:13)
40 verbose stack     at Request.emit (events.js:172:7)
40 verbose stack     at Request.<anonymous> (/usr/local/lib/node_modules/npm/node_modules/request/request.js:1067:10)
40 verbose stack     at emitOne (events.js:82:20)
40 verbose stack     at Request.emit (events.js:169:7)
40 verbose stack     at IncomingMessage.<anonymous> (/usr/local/lib/node_modules/npm/node_modules/request/request.js:988:12)
41 verbose statusCode 404
42 verbose pkgid ngModal
43 verbose cwd /Users/owner/Desktop/Prime/soloProject
44 error Darwin 15.5.0
45 error argv "/usr/local/bin/node" "/usr/local/bin/npm" "install" "ngModal" "--save"
46 error node v4.4.5
47 error npm  v2.15.5
48 error code E404
49 error 404 Registry returned 404 for GET on https://registry.npmjs.org/ngModal
49 error 404
49 error 404 'ngModal' is not in the npm registry.
49 error 404 Your package name is not valid, because
49 error 404
49 error 404  1. name can no longer contain capital letters
49 error 404 It was specified as a dependency of 'solo_project'
49 error 404
49 error 404 Note that you can also install from a
49 error 404 tarball, folder, http url, or git url.
50 verbose exit [ 1, true ]
